<?xml version="1.0" encoding="UTF-8"?>
<!-- Generated by org.testng.reporters.JUnitXMLReporter -->
<testsuite ignored="0" hostname="DESKTOP-N0FVVS1" failures="1" tests="1" name="Test" time="35.052" errors="0" timestamp="2023-07-01T22:46:48 IST">
  <testcase classname="aTestClasses.PolicyVerification" name="userNameVerification" time="3.9">
    <failure type="java.lang.AssertionError" message="expected [Omkar1 Mirajkar] but found [Omkar Mirajkar]">
      <![CDATA[java.lang.AssertionError: expected [Omkar1 Mirajkar] but found [Omkar Mirajkar]
at aTestClasses.PolicyVerification.userNameVerification(PolicyVerification.java:75)
at java.base/java.util.ArrayList.forEach(ArrayList.java:1511)
... Removed 33 stack frames]]>
    </failure>
  </testcase> <!-- userNameVerification -->
</testsuite> <!-- Test -->
