<?xml version="1.0" encoding="UTF-8"?>
<testng-results ignored="0" total="1" passed="0" failed="1" skipped="0">
  <reporter-output>
    <line>
      <![CDATA[reading data url From property file.]]>
    </line>
    <line>
      <![CDATA[Launching browser]]>
    </line>
    <line>
      <![CDATA[Waiting for 1000mili seconds.]]>
    </line>
    <line>
      <![CDATA[Clicking on Home page SignInButton.]]>
    </line>
    <line>
      <![CDATA[Waiting for 1000mili seconds.]]>
    </line>
    <line>
      <![CDATA[reading data mobNo From property file.]]>
    </line>
    <line>
      <![CDATA[Entering Mobile No.]]>
    </line>
    <line>
      <![CDATA[Waiting for 1000mili seconds.]]>
    </line>
    <line>
      <![CDATA[Clicking on SignInWithPWButton.]]>
    </line>
    <line>
      <![CDATA[Waiting for 1000mili seconds.]]>
    </line>
    <line>
      <![CDATA[reading data passWord From property file.]]>
    </line>
    <line>
      <![CDATA[Entering Password.]]>
    </line>
    <line>
      <![CDATA[Waiting for 1000mili seconds.]]>
    </line>
    <line>
      <![CDATA[Clicking on signInButtonPWPg.]]>
    </line>
    <line>
      <![CDATA[Waiting for 3000mili seconds.]]>
    </line>
    <line>
      <![CDATA[Clicking on myAccButton.]]>
    </line>
    <line>
      <![CDATA[Waiting for 2000mili seconds.]]>
    </line>
    <line>
      <![CDATA[Clicking on myProfileButton.]]>
    </line>
    <line>
      <![CDATA[Waiting for 1000mili seconds.]]>
    </line>
    <line>
      <![CDATA[Waiting for 2000mili seconds.]]>
    </line>
    <line>
      <![CDATA[This userNameVerification TC execution started.]]>
    </line>
    <line>
      <![CDATA[Getting Actual UserName.]]>
    </line>
    <line>
      <![CDATA[Waiting for 1000mili seconds.]]>
    </line>
    <line>
      <![CDATA[Reading data from Excel sheel.]]>
    </line>
    <line>
      <![CDATA[Waiting for 1000mili seconds.]]>
    </line>
    <line>
      <![CDATA[Taking a Screenshot.]]>
    </line>
    <line>
      <![CDATA[ScreenShot is Stored at C:\Users\Shree\eclipse-workspace\OMproject1\PolicyBazaarProject\ScreenShot\userNameVerification.png.]]>
    </line>
    <line>
      <![CDATA[This userNameVerification method is failed.]]>
    </line>
    <line>
      <![CDATA[Logging Out of PolicyBazaar.]]>
    </line>
    <line>
      <![CDATA[Waiting for 1000mili seconds.]]>
    </line>
    <line>
      <![CDATA[Closing the Browser.]]>
    </line>
  </reporter-output>
  <suite started-at="2023-07-01T22:46:12 IST" name="Suite" finished-at="2023-07-01T22:46:47 IST" duration-ms="35052">
    <groups>
    </groups>
    <test started-at="2023-07-01T22:46:12 IST" name="Test" finished-at="2023-07-01T22:46:47 IST" duration-ms="35052">
      <class name="aTestClasses.PolicyVerification">
        <test-method is-config="true" signature="browserLaunch()[pri:0, instance:aTestClasses.PolicyVerification@3c41ed1d]" started-at="2023-07-01T22:46:12 IST" name="browserLaunch" finished-at="2023-07-01T22:46:25 IST" duration-ms="12160" status="PASS">
          <reporter-output>
            <line>
              <![CDATA[reading data url From property file.]]>
            </line>
            <line>
              <![CDATA[Launching browser]]>
            </line>
            <line>
              <![CDATA[Waiting for 1000mili seconds.]]>
            </line>
          </reporter-output>
        </test-method> <!-- browserLaunch -->
        <test-method is-config="true" signature="LoggingInToPolicyBazaar()[pri:0, instance:aTestClasses.PolicyVerification@3c41ed1d]" started-at="2023-07-01T22:46:25 IST" name="LoggingInToPolicyBazaar" finished-at="2023-07-01T22:46:42 IST" duration-ms="16836" status="PASS">
          <reporter-output>
            <line>
              <![CDATA[Clicking on Home page SignInButton.]]>
            </line>
            <line>
              <![CDATA[Waiting for 1000mili seconds.]]>
            </line>
            <line>
              <![CDATA[reading data mobNo From property file.]]>
            </line>
            <line>
              <![CDATA[Entering Mobile No.]]>
            </line>
            <line>
              <![CDATA[Waiting for 1000mili seconds.]]>
            </line>
            <line>
              <![CDATA[Clicking on SignInWithPWButton.]]>
            </line>
            <line>
              <![CDATA[Waiting for 1000mili seconds.]]>
            </line>
            <line>
              <![CDATA[reading data passWord From property file.]]>
            </line>
            <line>
              <![CDATA[Entering Password.]]>
            </line>
            <line>
              <![CDATA[Waiting for 1000mili seconds.]]>
            </line>
            <line>
              <![CDATA[Clicking on signInButtonPWPg.]]>
            </line>
            <line>
              <![CDATA[Waiting for 3000mili seconds.]]>
            </line>
            <line>
              <![CDATA[Clicking on myAccButton.]]>
            </line>
            <line>
              <![CDATA[Waiting for 2000mili seconds.]]>
            </line>
            <line>
              <![CDATA[Clicking on myProfileButton.]]>
            </line>
            <line>
              <![CDATA[Waiting for 1000mili seconds.]]>
            </line>
            <line>
              <![CDATA[Waiting for 2000mili seconds.]]>
            </line>
          </reporter-output>
        </test-method> <!-- LoggingInToPolicyBazaar -->
        <test-method signature="userNameVerification()[pri:0, instance:aTestClasses.PolicyVerification@3c41ed1d]" started-at="2023-07-01T22:46:42 IST" name="userNameVerification" finished-at="2023-07-01T22:46:45 IST" duration-ms="3900" status="FAIL">
          <exception class="java.lang.AssertionError">
            <message>
              <![CDATA[expected [Omkar1 Mirajkar] but found [Omkar Mirajkar]]]>
            </message>
            <full-stacktrace>
              <![CDATA[java.lang.AssertionError: expected [Omkar1 Mirajkar] but found [Omkar Mirajkar]
at org.testng.Assert.fail(Assert.java:111)
at org.testng.Assert.failNotEquals(Assert.java:1578)
at org.testng.Assert.assertEqualsImpl(Assert.java:150)
at org.testng.Assert.assertEquals(Assert.java:132)
at org.testng.Assert.assertEquals(Assert.java:656)
at org.testng.Assert.assertEquals(Assert.java:666)
at aTestClasses.PolicyVerification.userNameVerification(PolicyVerification.java:75)
at java.base/jdk.internal.reflect.NativeMethodAccessorImpl.invoke0(Native Method)
at java.base/jdk.internal.reflect.NativeMethodAccessorImpl.invoke(NativeMethodAccessorImpl.java:77)
at java.base/jdk.internal.reflect.DelegatingMethodAccessorImpl.invoke(DelegatingMethodAccessorImpl.java:43)
at java.base/java.lang.reflect.Method.invoke(Method.java:568)
at org.testng.internal.invokers.MethodInvocationHelper.invokeMethod(MethodInvocationHelper.java:139)
at org.testng.internal.invokers.TestInvoker.invokeMethod(TestInvoker.java:664)
at org.testng.internal.invokers.TestInvoker.invokeTestMethod(TestInvoker.java:227)
at org.testng.internal.invokers.MethodRunner.runInSequence(MethodRunner.java:50)
at org.testng.internal.invokers.TestInvoker$MethodInvocationAgent.invoke(TestInvoker.java:957)
at org.testng.internal.invokers.TestInvoker.invokeTestMethods(TestInvoker.java:200)
at org.testng.internal.invokers.TestMethodWorker.invokeTestMethods(TestMethodWorker.java:148)
at org.testng.internal.invokers.TestMethodWorker.run(TestMethodWorker.java:128)
at java.base/java.util.ArrayList.forEach(ArrayList.java:1511)
at org.testng.TestRunner.privateRun(TestRunner.java:848)
at org.testng.TestRunner.run(TestRunner.java:621)
at org.testng.SuiteRunner.runTest(SuiteRunner.java:443)
at org.testng.SuiteRunner.runSequentially(SuiteRunner.java:437)
at org.testng.SuiteRunner.privateRun(SuiteRunner.java:397)
at org.testng.SuiteRunner.run(SuiteRunner.java:336)
at org.testng.SuiteRunnerWorker.runSuite(SuiteRunnerWorker.java:52)
at org.testng.SuiteRunnerWorker.run(SuiteRunnerWorker.java:95)
at org.testng.TestNG.runSuitesSequentially(TestNG.java:1280)
at org.testng.TestNG.runSuitesLocally(TestNG.java:1200)
at org.testng.TestNG.runSuites(TestNG.java:1114)
at org.testng.TestNG.run(TestNG.java:1082)
at org.testng.remote.AbstractRemoteTestNG.run(AbstractRemoteTestNG.java:115)
at org.testng.remote.RemoteTestNG.initAndRun(RemoteTestNG.java:251)
at org.testng.remote.RemoteTestNG.main(RemoteTestNG.java:77)
]]>
            </full-stacktrace>
          </exception> <!-- java.lang.AssertionError -->
          <reporter-output>
            <line>
              <![CDATA[This userNameVerification TC execution started.]]>
            </line>
            <line>
              <![CDATA[Getting Actual UserName.]]>
            </line>
            <line>
              <![CDATA[Waiting for 1000mili seconds.]]>
            </line>
            <line>
              <![CDATA[Reading data from Excel sheel.]]>
            </line>
            <line>
              <![CDATA[Waiting for 1000mili seconds.]]>
            </line>
            <line>
              <![CDATA[Taking a Screenshot.]]>
            </line>
            <line>
              <![CDATA[ScreenShot is Stored at C:\Users\Shree\eclipse-workspace\OMproject1\PolicyBazaarProject\ScreenShot\userNameVerification.png.]]>
            </line>
            <line>
              <![CDATA[This userNameVerification method is failed.]]>
            </line>
          </reporter-output>
        </test-method> <!-- userNameVerification -->
        <test-method is-config="true" signature="loggingOut()[pri:0, instance:aTestClasses.PolicyVerification@3c41ed1d]" started-at="2023-07-01T22:46:46 IST" name="loggingOut" finished-at="2023-07-01T22:46:47 IST" duration-ms="1450" status="PASS">
          <reporter-output>
            <line>
              <![CDATA[Logging Out of PolicyBazaar.]]>
            </line>
            <line>
              <![CDATA[Waiting for 1000mili seconds.]]>
            </line>
          </reporter-output>
        </test-method> <!-- loggingOut -->
        <test-method is-config="true" signature="closingBrowser()[pri:0, instance:aTestClasses.PolicyVerification@3c41ed1d]" started-at="2023-07-01T22:46:47 IST" name="closingBrowser" finished-at="2023-07-01T22:46:47 IST" duration-ms="422" status="PASS">
          <reporter-output>
            <line>
              <![CDATA[Closing the Browser.]]>
            </line>
          </reporter-output>
        </test-method> <!-- closingBrowser -->
      </class> <!-- aTestClasses.PolicyVerification -->
    </test> <!-- Test -->
  </suite> <!-- Suite -->
</testng-results>
