<?xml version="1.0" encoding="UTF-8"?>
<!-- Generated by org.testng.reporters.JUnitReportReporter -->
<testsuite hostname="DESKTOP-N0FVVS1" failures="1" tests="1" name="aTestClasses.PolicyVerification" time="22.186" errors="0" timestamp="2023-07-01T22:46:48 IST" skipped="0">
  <testcase classname="aTestClasses.PolicyVerification" name="userNameVerification" time="22.186">
    <failure message="expected [Omkar1 Mirajkar] but found [Omkar Mirajkar]" type="java.lang.AssertionError">
      <![CDATA[java.lang.AssertionError: expected [Omkar1 Mirajkar] but found [Omkar Mirajkar]
at org.testng.Assert.fail(Assert.java:111)
at org.testng.Assert.failNotEquals(Assert.java:1578)
at org.testng.Assert.assertEqualsImpl(Assert.java:150)
at org.testng.Assert.assertEquals(Assert.java:132)
at org.testng.Assert.assertEquals(Assert.java:656)
at org.testng.Assert.assertEquals(Assert.java:666)
at aTestClasses.PolicyVerification.userNameVerification(PolicyVerification.java:75)
at java.base/jdk.internal.reflect.NativeMethodAccessorImpl.invoke0(Native Method)
at java.base/jdk.internal.reflect.NativeMethodAccessorImpl.invoke(NativeMethodAccessorImpl.java:77)
at java.base/jdk.internal.reflect.DelegatingMethodAccessorImpl.invoke(DelegatingMethodAccessorImpl.java:43)
at java.base/java.lang.reflect.Method.invoke(Method.java:568)
at org.testng.internal.invokers.MethodInvocationHelper.invokeMethod(MethodInvocationHelper.java:139)
at org.testng.internal.invokers.TestInvoker.invokeMethod(TestInvoker.java:664)
at org.testng.internal.invokers.TestInvoker.invokeTestMethod(TestInvoker.java:227)
at org.testng.internal.invokers.MethodRunner.runInSequence(MethodRunner.java:50)
at org.testng.internal.invokers.TestInvoker$MethodInvocationAgent.invoke(TestInvoker.java:957)
at org.testng.internal.invokers.TestInvoker.invokeTestMethods(TestInvoker.java:200)
at org.testng.internal.invokers.TestMethodWorker.invokeTestMethods(TestMethodWorker.java:148)
at org.testng.internal.invokers.TestMethodWorker.run(TestMethodWorker.java:128)
at java.base/java.util.ArrayList.forEach(ArrayList.java:1511)
at org.testng.TestRunner.privateRun(TestRunner.java:848)
at org.testng.TestRunner.run(TestRunner.java:621)
at org.testng.SuiteRunner.runTest(SuiteRunner.java:443)
at org.testng.SuiteRunner.runSequentially(SuiteRunner.java:437)
at org.testng.SuiteRunner.privateRun(SuiteRunner.java:397)
at org.testng.SuiteRunner.run(SuiteRunner.java:336)
at org.testng.SuiteRunnerWorker.runSuite(SuiteRunnerWorker.java:52)
at org.testng.SuiteRunnerWorker.run(SuiteRunnerWorker.java:95)
at org.testng.TestNG.runSuitesSequentially(TestNG.java:1280)
at org.testng.TestNG.runSuitesLocally(TestNG.java:1200)
at org.testng.TestNG.runSuites(TestNG.java:1114)
at org.testng.TestNG.run(TestNG.java:1082)
at org.testng.remote.AbstractRemoteTestNG.run(AbstractRemoteTestNG.java:115)
at org.testng.remote.RemoteTestNG.initAndRun(RemoteTestNG.java:251)
at org.testng.remote.RemoteTestNG.main(RemoteTestNG.java:77)
]]>
    </failure>
    <system-out>
      <![CDATA[This userNameVerification TC execution started.
Getting Actual UserName.
Waiting for 1000mili seconds.
Reading data from Excel sheel.
Waiting for 1000mili seconds.
Taking a Screenshot.
ScreenShot is Stored at C:\Users\Shree\eclipse-workspace\OMproject1\PolicyBazaarProject\ScreenShot\userNameVerification.png.
This userNameVerification method is failed.]]>
    </system-out>
  </testcase> <!-- userNameVerification -->
  <system-out>
    <![CDATA[reading data url From property file.
Launching browser
Waiting for 1000mili seconds.
Clicking on Home page SignInButton.
Waiting for 1000mili seconds.
reading data mobNo From property file.
Entering Mobile No.
Waiting for 1000mili seconds.
Clicking on SignInWithPWButton.
Waiting for 1000mili seconds.
reading data passWord From property file.
Entering Password.
Waiting for 1000mili seconds.
Clicking on signInButtonPWPg.
Waiting for 3000mili seconds.
Clicking on myAccButton.
Waiting for 2000mili seconds.
Clicking on myProfileButton.
Waiting for 1000mili seconds.
Waiting for 2000mili seconds.
This userNameVerification TC execution started.
Getting Actual UserName.
Waiting for 1000mili seconds.
Reading data from Excel sheel.
Waiting for 1000mili seconds.
Taking a Screenshot.
ScreenShot is Stored at C:\Users\Shree\eclipse-workspace\OMproject1\PolicyBazaarProject\ScreenShot\userNameVerification.png.
This userNameVerification method is failed.
Logging Out of PolicyBazaar.
Waiting for 1000mili seconds.
Closing the Browser.]]>
  </system-out>
</testsuite> <!-- aTestClasses.PolicyVerification -->
